{"/home/travis/build/npmtest/node-npmtest-asap/test.js":{"path":"/home/travis/build/npmtest/node-npmtest-asap/test.js","s":{"1":2,"2":2,"3":2,"4":2,"5":2,"6":2,"7":2,"8":1,"9":2,"10":2,"11":1,"12":1,"13":1,"14":1,"15":2,"16":2,"17":2,"18":2,"19":1,"20":1,"21":2,"22":2,"23":2,"24":1,"25":1,"26":1,"27":1,"28":1,"29":1,"30":1,"31":1,"32":1,"33":1,"34":1,"35":1,"36":1,"37":1,"38":1,"39":2,"40":2,"41":1,"42":2,"43":2,"44":1,"45":2,"46":2,"47":1,"48":2,"49":2,"50":1,"51":1,"52":1,"53":1,"54":1},"b":{"1":[2,1,1,1],"2":[1,1,1,1],"3":[1,1],"4":[1,1],"5":[1,1],"6":[1,1],"7":[1,1],"8":[1,1],"9":[1,1],"10":[1,1,1],"11":[1,1],"12":[1,1],"13":[1,1],"14":[1,1],"15":[1,1],"16":[1,1],"17":[1,1]},"f":{"1":2,"2":2,"3":2,"4":2,"5":2,"6":1,"7":1,"8":1,"9":2,"10":2,"11":2,"12":2,"13":1},"fnMap":{"1":{"name":"(anonymous_1)","line":12,"loc":{"start":{"line":12,"column":1},"end":{"line":12,"column":13}}},"2":{"name":"(anonymous_2)","line":19,"loc":{"start":{"line":19,"column":5},"end":{"line":19,"column":17}}},"3":{"name":"(anonymous_3)","line":23,"loc":{"start":{"line":23,"column":24},"end":{"line":23,"column":36}}},"4":{"name":"(anonymous_4)","line":61,"loc":{"start":{"line":61,"column":5},"end":{"line":61,"column":17}}},"5":{"name":"(anonymous_5)","line":82,"loc":{"start":{"line":82,"column":5},"end":{"line":82,"column":17}}},"6":{"name":"(anonymous_6)","line":91,"loc":{"start":{"line":91,"column":77},"end":{"line":94,"column":10}}},"7":{"name":"(anonymous_7)","line":112,"loc":{"start":{"line":112,"column":83},"end":{"line":115,"column":10}},"skip":true},"8":{"name":"(anonymous_8)","line":123,"loc":{"start":{"line":123,"column":77},"end":{"line":126,"column":10}},"skip":true},"9":{"name":"(anonymous_9)","line":139,"loc":{"start":{"line":139,"column":12},"end":{"line":139,"column":40}},"skip":true},"10":{"name":"(anonymous_10)","line":147,"loc":{"start":{"line":147,"column":77},"end":{"line":150,"column":10}},"skip":true},"11":{"name":"(anonymous_11)","line":158,"loc":{"start":{"line":158,"column":83},"end":{"line":161,"column":10}},"skip":true},"12":{"name":"(anonymous_12)","line":169,"loc":{"start":{"line":169,"column":79},"end":{"line":172,"column":10}},"skip":true},"13":{"name":"(anonymous_13)","line":180,"loc":{"start":{"line":180,"column":75},"end":{"line":183,"column":10}},"skip":true}},"statementMap":{"1":{"start":{"line":12,"column":0},"end":{"line":195,"column":5}},"2":{"start":{"line":14,"column":4},"end":{"line":14,"column":14}},"3":{"start":{"line":19,"column":4},"end":{"line":56,"column":9}},"4":{"start":{"line":21,"column":8},"end":{"line":21,"column":19}},"5":{"start":{"line":23,"column":8},"end":{"line":35,"column":13}},"6":{"start":{"line":24,"column":12},"end":{"line":34,"column":13}},"7":{"start":{"line":25,"column":16},"end":{"line":28,"column":30}},"8":{"start":{"line":30,"column":16},"end":{"line":33,"column":27}},"9":{"start":{"line":37,"column":8},"end":{"line":39,"column":21}},"10":{"start":{"line":40,"column":8},"end":{"line":53,"column":9}},"11":{"start":{"line":43,"column":12},"end":{"line":46,"column":14}},"12":{"start":{"line":47,"column":12},"end":{"line":47,"column":18}},"13":{"start":{"line":50,"column":12},"end":{"line":51,"column":33}},"14":{"start":{"line":52,"column":12},"end":{"line":52,"column":18}},"15":{"start":{"line":55,"column":8},"end":{"line":55,"column":35}},"16":{"start":{"line":61,"column":4},"end":{"line":63,"column":9}},"17":{"start":{"line":62,"column":8},"end":{"line":62,"column":15}},"18":{"start":{"line":64,"column":4},"end":{"line":77,"column":5}},"19":{"start":{"line":70,"column":8},"end":{"line":70,"column":14}},"20":{"start":{"line":76,"column":8},"end":{"line":76,"column":14}},"21":{"start":{"line":82,"column":4},"end":{"line":84,"column":9}},"22":{"start":{"line":83,"column":8},"end":{"line":83,"column":15}},"23":{"start":{"line":85,"column":4},"end":{"line":194,"column":5}},"24":{"start":{"line":91,"column":8},"end":{"line":99,"column":10}},"25":{"start":{"line":98,"column":12},"end":{"line":98,"column":35}},"26":{"start":{"line":102,"column":8},"end":{"line":104,"column":63}},"27":{"start":{"line":105,"column":8},"end":{"line":105,"column":14}},"28":{"start":{"line":112,"column":8},"end":{"line":121,"column":10},"skip":true},"29":{"start":{"line":119,"column":12},"end":{"line":119,"column":55},"skip":true},"30":{"start":{"line":120,"column":12},"end":{"line":120,"column":48},"skip":true},"31":{"start":{"line":123,"column":8},"end":{"line":136,"column":10},"skip":true},"32":{"start":{"line":130,"column":12},"end":{"line":130,"column":76},"skip":true},"33":{"start":{"line":131,"column":12},"end":{"line":131,"column":73},"skip":true},"34":{"start":{"line":132,"column":12},"end":{"line":132,"column":74},"skip":true},"35":{"start":{"line":133,"column":12},"end":{"line":133,"column":79},"skip":true},"36":{"start":{"line":134,"column":12},"end":{"line":134,"column":25},"skip":true},"37":{"start":{"line":135,"column":12},"end":{"line":135,"column":45},"skip":true},"38":{"start":{"line":138,"column":8},"end":{"line":145,"column":14},"skip":true},"39":{"start":{"line":143,"column":16},"end":{"line":143,"column":29},"skip":true},"40":{"start":{"line":144,"column":16},"end":{"line":144,"column":55},"skip":true},"41":{"start":{"line":147,"column":8},"end":{"line":156,"column":10},"skip":true},"42":{"start":{"line":154,"column":12},"end":{"line":154,"column":25},"skip":true},"43":{"start":{"line":155,"column":12},"end":{"line":155,"column":45},"skip":true},"44":{"start":{"line":158,"column":8},"end":{"line":167,"column":10},"skip":true},"45":{"start":{"line":165,"column":12},"end":{"line":165,"column":25},"skip":true},"46":{"start":{"line":166,"column":12},"end":{"line":166,"column":48},"skip":true},"47":{"start":{"line":169,"column":8},"end":{"line":178,"column":10},"skip":true},"48":{"start":{"line":176,"column":12},"end":{"line":176,"column":25},"skip":true},"49":{"start":{"line":177,"column":12},"end":{"line":177,"column":46},"skip":true},"50":{"start":{"line":180,"column":8},"end":{"line":189,"column":10},"skip":true},"51":{"start":{"line":187,"column":12},"end":{"line":187,"column":94},"skip":true},"52":{"start":{"line":188,"column":12},"end":{"line":188,"column":48},"skip":true},"53":{"start":{"line":192,"column":8},"end":{"line":192,"column":35},"skip":true},"54":{"start":{"line":193,"column":8},"end":{"line":193,"column":14},"skip":true}},"branchMap":{"1":{"line":25,"type":"binary-expr","locations":[{"start":{"line":25,"column":23},"end":{"line":25,"column":62}},{"start":{"line":26,"column":20},"end":{"line":26,"column":70}},{"start":{"line":27,"column":20},"end":{"line":27,"column":71}},{"start":{"line":28,"column":20},"end":{"line":28,"column":29}}]},"2":{"line":30,"type":"binary-expr","locations":[{"start":{"line":30,"column":23},"end":{"line":30,"column":37}},{"start":{"line":31,"column":20},"end":{"line":31,"column":61}},{"start":{"line":32,"column":20},"end":{"line":32,"column":70}},{"start":{"line":33,"column":20},"end":{"line":33,"column":26}}]},"3":{"line":37,"type":"cond-expr","locations":[{"start":{"line":38,"column":14},"end":{"line":38,"column":20}},{"start":{"line":39,"column":14},"end":{"line":39,"column":20}}]},"4":{"line":40,"type":"switch","locations":[{"start":{"line":42,"column":8},"end":{"line":47,"column":18}},{"start":{"line":49,"column":8},"end":{"line":52,"column":18}}]},"5":{"line":44,"type":"binary-expr","locations":[{"start":{"line":44,"column":16},"end":{"line":44,"column":44}},{"start":{"line":44,"column":48},"end":{"line":44,"column":66}}]},"6":{"line":50,"type":"binary-expr","locations":[{"start":{"line":50,"column":21},"end":{"line":50,"column":49}},{"start":{"line":50,"column":53},"end":{"line":50,"column":72}}]},"7":{"line":64,"type":"switch","locations":[{"start":{"line":69,"column":4},"end":{"line":70,"column":14}},{"start":{"line":75,"column":4},"end":{"line":76,"column":14}}]},"8":{"line":85,"type":"switch","locations":[{"start":{"line":90,"column":4},"end":{"line":105,"column":14}},{"start":{"line":111,"column":4},"end":{"line":193,"column":14},"skip":true}]},"9":{"line":91,"type":"binary-expr","locations":[{"start":{"line":91,"column":42},"end":{"line":91,"column":73}},{"start":{"line":91,"column":77},"end":{"line":99,"column":9}}]},"10":{"line":102,"type":"binary-expr","locations":[{"start":{"line":102,"column":18},"end":{"line":102,"column":32}},{"start":{"line":103,"column":12},"end":{"line":103,"column":53}},{"start":{"line":104,"column":12},"end":{"line":104,"column":61}}]},"11":{"line":112,"type":"binary-expr","locations":[{"start":{"line":112,"column":45},"end":{"line":112,"column":79},"skip":true},{"start":{"line":112,"column":83},"end":{"line":121,"column":9},"skip":true}]},"12":{"line":123,"type":"binary-expr","locations":[{"start":{"line":123,"column":42},"end":{"line":123,"column":73},"skip":true},{"start":{"line":123,"column":77},"end":{"line":136,"column":9},"skip":true}]},"13":{"line":138,"type":"binary-expr","locations":[{"start":{"line":138,"column":48},"end":{"line":138,"column":85},"skip":true},{"start":{"line":139,"column":12},"end":{"line":145,"column":13},"skip":true}]},"14":{"line":147,"type":"binary-expr","locations":[{"start":{"line":147,"column":42},"end":{"line":147,"column":73},"skip":true},{"start":{"line":147,"column":77},"end":{"line":156,"column":9},"skip":true}]},"15":{"line":158,"type":"binary-expr","locations":[{"start":{"line":158,"column":45},"end":{"line":158,"column":79},"skip":true},{"start":{"line":158,"column":83},"end":{"line":167,"column":9},"skip":true}]},"16":{"line":169,"type":"binary-expr","locations":[{"start":{"line":169,"column":43},"end":{"line":169,"column":75},"skip":true},{"start":{"line":169,"column":79},"end":{"line":178,"column":9},"skip":true}]},"17":{"line":180,"type":"binary-expr","locations":[{"start":{"line":180,"column":41},"end":{"line":180,"column":71},"skip":true},{"start":{"line":180,"column":75},"end":{"line":189,"column":9},"skip":true}]}},"code":["/* istanbul instrument in package npmtest_asap */","/*jslint","    bitwise: true,","    browser: true,","    maxerr: 8,","    maxlen: 96,","    node: true,","    nomen: true,","    regexp: true,","    stupid: true","*/","(function () {","    'use strict';","    var local;","","","","    // run shared js-env code - init-before","    (function () {","        // init local","        local = {};","        // init modeJs","        local.modeJs = (function () {","            try {","                return typeof navigator.userAgent === 'string' &&","                    typeof document.querySelector('body') === 'object' &&","                    typeof XMLHttpRequest.prototype.open === 'function' &&","                    'browser';","            } catch (errorCaughtBrowser) {","                return module.exports &&","                    typeof process.versions.node === 'string' &&","                    typeof require('http').createServer === 'function' &&","                    'node';","            }","        }());","        // init global","        local.global = local.modeJs === 'browser'","            ? window","            : global;","        switch (local.modeJs) {","        // re-init local from window.local","        case 'browser':","            local = local.global.utility2.objectSetDefault(","                local.global.utility2_rollup || local.global.local,","                local.global.utility2","            );","            break;","        // re-init local from example.js","        case 'node':","            local = (local.global.utility2_rollup || require('utility2'))","                .requireReadme();","            break;","        }","        // export local","        local.global.local = local;","    }());","","","","    // run shared js-env code - function","    (function () {","        return;","    }());","    switch (local.modeJs) {","","","","    // run browser js-env code - function","    case 'browser':","        break;","","","","    // run node js-env code - function","    case 'node':","        break;","    }","","","","    // run shared js-env code - init-after","    (function () {","        return;","    }());","    switch (local.modeJs) {","","","","    // run browser js-env code - init-after","    case 'browser':","        local.testCase_browser_nullCase = local.testCase_browser_nullCase || function (","            options,","            onError","        ) {","        /*","         * this function will test browsers's null-case handling-behavior-behavior","         */","            onError(null, options);","        };","","        // run tests","        local.nop(local.modeTest &&","            document.querySelector('#testRunButton1') &&","            document.querySelector('#testRunButton1').click());","        break;","","","","    // run node js-env code - init-after","    /* istanbul ignore next */","    case 'node':","        local.testCase_buildApidoc_default = local.testCase_buildApidoc_default || function (","            options,","            onError","        ) {","        /*","         * this function will test buildApidoc's default handling-behavior-behavior","         */","            options = { modulePathList: module.paths };","            local.buildApidoc(options, onError);","        };","","        local.testCase_buildApp_default = local.testCase_buildApp_default || function (","            options,","            onError","        ) {","        /*","         * this function will test buildApp's default handling-behavior-behavior","         */","            local.testCase_buildReadme_default(options, local.onErrorThrow);","            local.testCase_buildLib_default(options, local.onErrorThrow);","            local.testCase_buildTest_default(options, local.onErrorThrow);","            local.testCase_buildCustomOrg_default(options, local.onErrorThrow);","            options = [];","            local.buildApp(options, onError);","        };","","        local.testCase_buildCustomOrg_default = local.testCase_buildCustomOrg_default ||","            function (options, onError) {","            /*","             * this function will test buildCustomOrg's default handling-behavior","             */","                options = {};","                local.buildCustomOrg(options, onError);","            };","","        local.testCase_buildLib_default = local.testCase_buildLib_default || function (","            options,","            onError","        ) {","        /*","         * this function will test buildLib's default handling-behavior","         */","            options = {};","            local.buildLib(options, onError);","        };","","        local.testCase_buildReadme_default = local.testCase_buildReadme_default || function (","            options,","            onError","        ) {","        /*","         * this function will test buildReadme's default handling-behavior-behavior","         */","            options = {};","            local.buildReadme(options, onError);","        };","","        local.testCase_buildTest_default = local.testCase_buildTest_default || function (","            options,","            onError","        ) {","        /*","         * this function will test buildTest's default handling-behavior","         */","            options = {};","            local.buildTest(options, onError);","        };","","        local.testCase_webpage_default = local.testCase_webpage_default || function (","            options,","            onError","        ) {","        /*","         * this function will test webpage's default handling-behavior","         */","            options = { modeCoverageMerge: true, url: local.serverLocalHost + '?modeTest=1' };","            local.browserTest(options, onError);","        };","","        // run test-server","        local.testRunServer(local);","        break;","    }","}());",""],"l":{"12":2,"14":2,"19":2,"21":2,"23":2,"24":2,"25":2,"30":1,"37":2,"40":2,"43":1,"47":1,"50":1,"52":1,"55":2,"61":2,"62":2,"64":2,"70":1,"76":1,"82":2,"83":2,"85":2,"91":1,"98":1,"102":1,"105":1,"112":1,"119":1,"120":1,"123":1,"130":1,"131":1,"132":1,"133":1,"134":1,"135":1,"138":1,"143":2,"144":2,"147":1,"154":2,"155":2,"158":1,"165":2,"166":2,"169":1,"176":2,"177":2,"180":1,"187":1,"188":1,"192":1,"193":1}},"/home/travis/build/npmtest/node-npmtest-asap/lib.npmtest_asap.js":{"path":"/home/travis/build/npmtest/node-npmtest-asap/lib.npmtest_asap.js","s":{"1":2,"2":2,"3":2,"4":2,"5":2,"6":2,"7":2,"8":1,"9":2,"10":2,"11":2,"12":2,"13":1,"14":1,"15":1,"16":1},"b":{"1":[2,1,1,1],"2":[1,1,1,1],"3":[1,1],"4":[2,2],"5":[1,1]},"f":{"1":2,"2":2,"3":2},"fnMap":{"1":{"name":"(anonymous_1)","line":12,"loc":{"start":{"line":12,"column":1},"end":{"line":12,"column":13}}},"2":{"name":"(anonymous_2)","line":19,"loc":{"start":{"line":19,"column":5},"end":{"line":19,"column":17}}},"3":{"name":"(anonymous_3)","line":23,"loc":{"start":{"line":23,"column":24},"end":{"line":23,"column":36}}}},"statementMap":{"1":{"start":{"line":12,"column":0},"end":{"line":53,"column":5}},"2":{"start":{"line":14,"column":4},"end":{"line":14,"column":14}},"3":{"start":{"line":19,"column":4},"end":{"line":52,"column":9}},"4":{"start":{"line":21,"column":8},"end":{"line":21,"column":19}},"5":{"start":{"line":23,"column":8},"end":{"line":35,"column":13}},"6":{"start":{"line":24,"column":12},"end":{"line":34,"column":13}},"7":{"start":{"line":25,"column":16},"end":{"line":28,"column":30}},"8":{"start":{"line":30,"column":16},"end":{"line":33,"column":27}},"9":{"start":{"line":37,"column":8},"end":{"line":39,"column":21}},"10":{"start":{"line":41,"column":8},"end":{"line":41,"column":54}},"11":{"start":{"line":43,"column":8},"end":{"line":43,"column":49}},"12":{"start":{"line":45,"column":8},"end":{"line":51,"column":9}},"13":{"start":{"line":46,"column":12},"end":{"line":46,"column":55}},"14":{"start":{"line":48,"column":12},"end":{"line":48,"column":35}},"15":{"start":{"line":49,"column":12},"end":{"line":49,"column":49}},"16":{"start":{"line":50,"column":12},"end":{"line":50,"column":43}}},"branchMap":{"1":{"line":25,"type":"binary-expr","locations":[{"start":{"line":25,"column":23},"end":{"line":25,"column":62}},{"start":{"line":26,"column":20},"end":{"line":26,"column":70}},{"start":{"line":27,"column":20},"end":{"line":27,"column":71}},{"start":{"line":28,"column":20},"end":{"line":28,"column":29}}]},"2":{"line":30,"type":"binary-expr","locations":[{"start":{"line":30,"column":23},"end":{"line":30,"column":37}},{"start":{"line":31,"column":20},"end":{"line":31,"column":61}},{"start":{"line":32,"column":20},"end":{"line":32,"column":70}},{"start":{"line":33,"column":20},"end":{"line":33,"column":26}}]},"3":{"line":37,"type":"cond-expr","locations":[{"start":{"line":38,"column":14},"end":{"line":38,"column":20}},{"start":{"line":39,"column":14},"end":{"line":39,"column":20}}]},"4":{"line":41,"type":"binary-expr","locations":[{"start":{"line":41,"column":16},"end":{"line":41,"column":44}},{"start":{"line":41,"column":48},"end":{"line":41,"column":53}}]},"5":{"line":45,"type":"if","locations":[{"start":{"line":45,"column":8},"end":{"line":45,"column":8}},{"start":{"line":45,"column":8},"end":{"line":45,"column":8}}]}},"code":["/* istanbul instrument in package npmtest_asap */","/*jslint","    bitwise: true,","    browser: true,","    maxerr: 8,","    maxlen: 96,","    node: true,","    nomen: true,","    regexp: true,","    stupid: true","*/","(function () {","    'use strict';","    var local;","","","","    // run shared js-env code - init-before","    (function () {","        // init local","        local = {};","        // init modeJs","        local.modeJs = (function () {","            try {","                return typeof navigator.userAgent === 'string' &&","                    typeof document.querySelector('body') === 'object' &&","                    typeof XMLHttpRequest.prototype.open === 'function' &&","                    'browser';","            } catch (errorCaughtBrowser) {","                return module.exports &&","                    typeof process.versions.node === 'string' &&","                    typeof require('http').createServer === 'function' &&","                    'node';","            }","        }());","        // init global","        local.global = local.modeJs === 'browser'","            ? window","            : global;","        // init utility2_rollup","        local = local.global.utility2_rollup || local;","        // init lib","        local.local = local.npmtest_asap = local;","        // init exports","        if (local.modeJs === 'browser') {","            local.global.utility2_npmtest_asap = local;","        } else {","            module.exports = local;","            module.exports.__dirname = __dirname;","            module.exports.module = module;","        }","    }());","}());",""],"l":{"12":2,"14":2,"19":2,"21":2,"23":2,"24":2,"25":2,"30":1,"37":2,"41":2,"43":2,"45":2,"46":1,"48":1,"49":1,"50":1}},"/home/travis/build/npmtest/node-npmtest-asap/example.js":{"path":"/home/travis/build/npmtest/node-npmtest-asap/example.js","s":{"1":2,"2":2,"3":2,"4":2,"5":2,"6":2,"7":2,"8":1,"9":2,"10":2,"11":2,"12":2,"13":1,"14":2,"15":2,"16":2,"17":2,"18":2,"19":0,"20":2,"21":1,"22":1,"23":1,"24":1,"25":1,"26":0,"27":0,"28":1,"29":1,"30":2,"31":0,"32":0,"33":0,"34":1,"35":2,"36":2,"37":3,"38":3,"39":3,"40":3,"41":0,"42":3,"43":3,"44":3,"45":1,"46":3,"47":1,"48":1,"49":1,"50":1,"51":1,"52":1,"53":1,"54":1,"55":1,"56":1,"57":0,"58":1,"59":6,"60":6,"61":1,"62":2,"63":0,"64":2,"65":1,"66":1,"67":0,"68":0,"69":0,"70":0,"71":0,"72":0,"73":0,"74":0,"75":0,"76":0,"77":0,"78":0,"79":0,"80":0,"81":0,"82":0,"83":0},"b":{"1":[2,1,1,1],"2":[1,1,1,1],"3":[1,1],"4":[2,2],"5":[1,1],"6":[1,1],"7":[2,0],"8":[2,1,1,1,1,1],"9":[0,2,0],"10":[1,1],"11":[2,1,1],"12":[1,0],"13":[0,2],"14":[2,0,0,0,0,0,0],"15":[0,3],"16":[3,0],"17":[1,1],"18":[0,1],"19":[1,2,0,2],"20":[1,0],"21":[1,1],"22":[0,0],"23":[0,0],"24":[0,0],"25":[0,0],"26":[0,0],"27":[0,0],"28":[0,0]},"f":{"1":2,"2":2,"3":2,"4":2,"5":2,"6":2,"7":3,"8":3,"9":3,"10":1,"11":6,"12":0},"fnMap":{"1":{"name":"(anonymous_1)","line":26,"loc":{"start":{"line":26,"column":1},"end":{"line":26,"column":13}}},"2":{"name":"(anonymous_2)","line":33,"loc":{"start":{"line":33,"column":5},"end":{"line":33,"column":17}}},"3":{"name":"(anonymous_3)","line":37,"loc":{"start":{"line":37,"column":24},"end":{"line":37,"column":36}}},"4":{"name":"(anonymous_4)","line":69,"loc":{"start":{"line":69,"column":31},"end":{"line":69,"column":48}},"skip":true},"5":{"name":"(anonymous_5)","line":78,"loc":{"start":{"line":78,"column":26},"end":{"line":78,"column":45}},"skip":true},"6":{"name":"(anonymous_6)","line":123,"loc":{"start":{"line":123,"column":33},"end":{"line":123,"column":48}},"skip":true},"7":{"name":"(anonymous_7)","line":125,"loc":{"start":{"line":125,"column":27},"end":{"line":125,"column":39}},"skip":true},"8":{"name":"(anonymous_8)","line":133,"loc":{"start":{"line":133,"column":59},"end":{"line":133,"column":74}},"skip":true},"9":{"name":"(anonymous_9)","line":143,"loc":{"start":{"line":143,"column":45},"end":{"line":143,"column":62}},"skip":true},"10":{"name":"(anonymous_10)","line":144,"loc":{"start":{"line":144,"column":73},"end":{"line":144,"column":92}},"skip":true},"11":{"name":"(anonymous_11)","line":272,"loc":{"start":{"line":272,"column":51},"end":{"line":272,"column":77}},"skip":true},"12":{"name":"(anonymous_12)","line":315,"loc":{"start":{"line":315,"column":32},"end":{"line":315,"column":61}},"skip":true}},"statementMap":{"1":{"start":{"line":26,"column":0},"end":{"line":326,"column":5}},"2":{"start":{"line":28,"column":4},"end":{"line":28,"column":14}},"3":{"start":{"line":33,"column":4},"end":{"line":60,"column":9}},"4":{"start":{"line":35,"column":8},"end":{"line":35,"column":19}},"5":{"start":{"line":37,"column":8},"end":{"line":49,"column":13}},"6":{"start":{"line":38,"column":12},"end":{"line":48,"column":13}},"7":{"start":{"line":39,"column":16},"end":{"line":42,"column":30}},"8":{"start":{"line":44,"column":16},"end":{"line":47,"column":27}},"9":{"start":{"line":51,"column":8},"end":{"line":53,"column":21}},"10":{"start":{"line":55,"column":8},"end":{"line":57,"column":45}},"11":{"start":{"line":59,"column":8},"end":{"line":59,"column":35}},"12":{"start":{"line":61,"column":4},"end":{"line":325,"column":5}},"13":{"start":{"line":69,"column":8},"end":{"line":121,"column":10},"skip":true},"14":{"start":{"line":70,"column":12},"end":{"line":88,"column":13},"skip":true},"15":{"start":{"line":76,"column":16},"end":{"line":87,"column":19},"skip":true},"16":{"start":{"line":79,"column":20},"end":{"line":86,"column":21},"skip":true},"17":{"start":{"line":82,"column":24},"end":{"line":82,"column":43},"skip":true},"18":{"start":{"line":83,"column":24},"end":{"line":83,"column":30},"skip":true},"19":{"start":{"line":85,"column":24},"end":{"line":85,"column":49},"skip":true},"20":{"start":{"line":89,"column":12},"end":{"line":107,"column":13},"skip":true},"21":{"start":{"line":92,"column":16},"end":{"line":102,"column":17},"skip":true},"22":{"start":{"line":93,"column":20},"end":{"line":93,"column":86},"skip":true},"23":{"start":{"line":94,"column":20},"end":{"line":95,"column":45},"skip":true},"24":{"start":{"line":96,"column":20},"end":{"line":96,"column":42},"skip":true},"25":{"start":{"line":97,"column":20},"end":{"line":97,"column":48},"skip":true},"26":{"start":{"line":100,"column":20},"end":{"line":100,"column":85},"skip":true},"27":{"start":{"line":101,"column":20},"end":{"line":101,"column":96},"skip":true},"28":{"start":{"line":103,"column":16},"end":{"line":103,"column":22},"skip":true},"29":{"start":{"line":106,"column":16},"end":{"line":106,"column":22},"skip":true},"30":{"start":{"line":108,"column":12},"end":{"line":120,"column":13},"skip":true},"31":{"start":{"line":114,"column":16},"end":{"line":119,"column":17},"skip":true},"32":{"start":{"line":116,"column":20},"end":{"line":116,"column":78},"skip":true},"33":{"start":{"line":118,"column":20},"end":{"line":118,"column":47},"skip":true},"34":{"start":{"line":123,"column":8},"end":{"line":141,"column":11},"skip":true},"35":{"start":{"line":124,"column":12},"end":{"line":124,"column":54},"skip":true},"36":{"start":{"line":125,"column":12},"end":{"line":140,"column":14},"skip":true},"37":{"start":{"line":126,"column":16},"end":{"line":126,"column":28},"skip":true},"38":{"start":{"line":127,"column":16},"end":{"line":127,"column":69},"skip":true},"39":{"start":{"line":128,"column":16},"end":{"line":128,"column":75},"skip":true},"40":{"start":{"line":129,"column":16},"end":{"line":131,"column":17},"skip":true},"41":{"start":{"line":130,"column":20},"end":{"line":130,"column":27},"skip":true},"42":{"start":{"line":133,"column":16},"end":{"line":137,"column":36},"skip":true},"43":{"start":{"line":134,"column":20},"end":{"line":136,"column":55},"skip":true},"44":{"start":{"line":139,"column":16},"end":{"line":139,"column":57},"skip":true},"45":{"start":{"line":143,"column":8},"end":{"line":147,"column":11},"skip":true},"46":{"start":{"line":144,"column":12},"end":{"line":146,"column":15},"skip":true},"47":{"start":{"line":145,"column":16},"end":{"line":145,"column":70},"skip":true},"48":{"start":{"line":149,"column":8},"end":{"line":149,"column":31},"skip":true},"49":{"start":{"line":150,"column":8},"end":{"line":150,"column":14},"skip":true},"50":{"start":{"line":158,"column":8},"end":{"line":158,"column":31},"skip":true},"51":{"start":{"line":160,"column":8},"end":{"line":160,"column":33},"skip":true},"52":{"start":{"line":161,"column":8},"end":{"line":161,"column":37},"skip":true},"53":{"start":{"line":162,"column":8},"end":{"line":162,"column":35},"skip":true},"54":{"start":{"line":164,"column":8},"end":{"line":164,"column":50},"skip":true},"55":{"start":{"line":166,"column":8},"end":{"line":256,"column":2},"skip":true},"56":{"start":{"line":258,"column":8},"end":{"line":286,"column":9},"skip":true},"57":{"start":{"line":259,"column":12},"end":{"line":269,"column":14},"skip":true},"58":{"start":{"line":271,"column":12},"end":{"line":285,"column":19},"skip":true},"59":{"start":{"line":274,"column":20},"end":{"line":274,"column":35},"skip":true},"60":{"start":{"line":275,"column":20},"end":{"line":284,"column":21},"skip":true},"61":{"start":{"line":277,"column":24},"end":{"line":277,"column":64},"skip":true},"62":{"start":{"line":279,"column":24},"end":{"line":279,"column":40},"skip":true},"63":{"start":{"line":281,"column":24},"end":{"line":281,"column":40},"skip":true},"64":{"start":{"line":283,"column":24},"end":{"line":283,"column":39},"skip":true},"65":{"start":{"line":288,"column":8},"end":{"line":290,"column":9},"skip":true},"66":{"start":{"line":289,"column":12},"end":{"line":289,"column":18},"skip":true},"67":{"start":{"line":291,"column":8},"end":{"line":293,"column":54},"skip":true},"68":{"start":{"line":296,"column":8},"end":{"line":301,"column":37},"skip":true},"69":{"start":{"line":303,"column":8},"end":{"line":303,"column":82},"skip":true},"70":{"start":{"line":306,"column":8},"end":{"line":308,"column":9},"skip":true},"71":{"start":{"line":307,"column":12},"end":{"line":307,"column":82},"skip":true},"72":{"start":{"line":310,"column":8},"end":{"line":312,"column":9},"skip":true},"73":{"start":{"line":311,"column":12},"end":{"line":311,"column":18},"skip":true},"74":{"start":{"line":313,"column":8},"end":{"line":313,"column":54},"skip":true},"75":{"start":{"line":314,"column":8},"end":{"line":314,"column":69},"skip":true},"76":{"start":{"line":315,"column":8},"end":{"line":323,"column":36},"skip":true},"77":{"start":{"line":316,"column":12},"end":{"line":316,"column":61},"skip":true},"78":{"start":{"line":317,"column":12},"end":{"line":320,"column":13},"skip":true},"79":{"start":{"line":318,"column":16},"end":{"line":318,"column":75},"skip":true},"80":{"start":{"line":319,"column":16},"end":{"line":319,"column":23},"skip":true},"81":{"start":{"line":321,"column":12},"end":{"line":321,"column":38},"skip":true},"82":{"start":{"line":322,"column":12},"end":{"line":322,"column":27},"skip":true},"83":{"start":{"line":324,"column":8},"end":{"line":324,"column":14},"skip":true}},"branchMap":{"1":{"line":39,"type":"binary-expr","locations":[{"start":{"line":39,"column":23},"end":{"line":39,"column":62}},{"start":{"line":40,"column":20},"end":{"line":40,"column":70}},{"start":{"line":41,"column":20},"end":{"line":41,"column":71}},{"start":{"line":42,"column":20},"end":{"line":42,"column":29}}]},"2":{"line":44,"type":"binary-expr","locations":[{"start":{"line":44,"column":23},"end":{"line":44,"column":37}},{"start":{"line":45,"column":20},"end":{"line":45,"column":61}},{"start":{"line":46,"column":20},"end":{"line":46,"column":70}},{"start":{"line":47,"column":20},"end":{"line":47,"column":26}}]},"3":{"line":51,"type":"cond-expr","locations":[{"start":{"line":52,"column":14},"end":{"line":52,"column":20}},{"start":{"line":53,"column":14},"end":{"line":53,"column":20}}]},"4":{"line":55,"type":"binary-expr","locations":[{"start":{"line":55,"column":16},"end":{"line":55,"column":44}},{"start":{"line":55,"column":49},"end":{"line":57,"column":43}}]},"5":{"line":55,"type":"cond-expr","locations":[{"start":{"line":56,"column":14},"end":{"line":56,"column":48}},{"start":{"line":57,"column":14},"end":{"line":57,"column":43}}]},"6":{"line":61,"type":"switch","locations":[{"start":{"line":68,"column":4},"end":{"line":150,"column":14},"skip":true},{"start":{"line":156,"column":4},"end":{"line":324,"column":14},"skip":true}]},"7":{"line":70,"type":"if","locations":[{"start":{"line":70,"column":12},"end":{"line":70,"column":12},"skip":true},{"start":{"line":70,"column":12},"end":{"line":70,"column":12},"skip":true}]},"8":{"line":70,"type":"binary-expr","locations":[{"start":{"line":70,"column":16},"end":{"line":70,"column":22},"skip":true},{"start":{"line":70,"column":27},"end":{"line":70,"column":32},"skip":true},{"start":{"line":71,"column":20},"end":{"line":71,"column":39},"skip":true},{"start":{"line":72,"column":20},"end":{"line":72,"column":49},"skip":true},{"start":{"line":73,"column":20},"end":{"line":73,"column":58},"skip":true},{"start":{"line":74,"column":20},"end":{"line":74,"column":69},"skip":true}]},"9":{"line":79,"type":"switch","locations":[{"start":{"line":80,"column":20},"end":{"line":80,"column":33},"skip":true},{"start":{"line":81,"column":20},"end":{"line":83,"column":30},"skip":true},{"start":{"line":84,"column":20},"end":{"line":85,"column":49},"skip":true}]},"10":{"line":89,"type":"switch","locations":[{"start":{"line":90,"column":12},"end":{"line":103,"column":22},"skip":true},{"start":{"line":105,"column":12},"end":{"line":106,"column":22},"skip":true}]},"11":{"line":89,"type":"binary-expr","locations":[{"start":{"line":89,"column":20},"end":{"line":89,"column":25},"skip":true},{"start":{"line":89,"column":29},"end":{"line":89,"column":48},"skip":true},{"start":{"line":89,"column":52},"end":{"line":89,"column":74},"skip":true}]},"12":{"line":92,"type":"if","locations":[{"start":{"line":92,"column":16},"end":{"line":92,"column":16},"skip":true},{"start":{"line":92,"column":16},"end":{"line":92,"column":16},"skip":true}]},"13":{"line":108,"type":"if","locations":[{"start":{"line":108,"column":12},"end":{"line":108,"column":12},"skip":true},{"start":{"line":108,"column":12},"end":{"line":108,"column":12},"skip":true}]},"14":{"line":108,"type":"binary-expr","locations":[{"start":{"line":108,"column":16},"end":{"line":108,"column":61},"skip":true},{"start":{"line":108,"column":66},"end":{"line":108,"column":72},"skip":true},{"start":{"line":108,"column":77},"end":{"line":108,"column":82},"skip":true},{"start":{"line":109,"column":20},"end":{"line":109,"column":39},"skip":true},{"start":{"line":110,"column":20},"end":{"line":110,"column":49},"skip":true},{"start":{"line":111,"column":20},"end":{"line":111,"column":58},"skip":true},{"start":{"line":112,"column":20},"end":{"line":112,"column":68},"skip":true}]},"15":{"line":129,"type":"if","locations":[{"start":{"line":129,"column":16},"end":{"line":129,"column":16},"skip":true},{"start":{"line":129,"column":16},"end":{"line":129,"column":16},"skip":true}]},"16":{"line":134,"type":"cond-expr","locations":[{"start":{"line":135,"column":26},"end":{"line":135,"column":29},"skip":true},{"start":{"line":136,"column":26},"end":{"line":136,"column":54},"skip":true}]},"17":{"line":164,"type":"binary-expr","locations":[{"start":{"line":164,"column":27},"end":{"line":164,"column":43},"skip":true},{"start":{"line":164,"column":47},"end":{"line":164,"column":49},"skip":true}]},"18":{"line":258,"type":"if","locations":[{"start":{"line":258,"column":8},"end":{"line":258,"column":8},"skip":true},{"start":{"line":258,"column":8},"end":{"line":258,"column":8},"skip":true}]},"19":{"line":275,"type":"switch","locations":[{"start":{"line":276,"column":20},"end":{"line":277,"column":64},"skip":true},{"start":{"line":278,"column":20},"end":{"line":279,"column":40},"skip":true},{"start":{"line":280,"column":20},"end":{"line":281,"column":40},"skip":true},{"start":{"line":282,"column":20},"end":{"line":283,"column":39},"skip":true}]},"20":{"line":288,"type":"if","locations":[{"start":{"line":288,"column":8},"end":{"line":288,"column":8},"skip":true},{"start":{"line":288,"column":8},"end":{"line":288,"column":8},"skip":true}]},"21":{"line":288,"type":"binary-expr","locations":[{"start":{"line":288,"column":12},"end":{"line":288,"column":40},"skip":true},{"start":{"line":288,"column":44},"end":{"line":288,"column":67},"skip":true}]},"22":{"line":292,"type":"binary-expr","locations":[{"start":{"line":292,"column":12},"end":{"line":292,"column":50},"skip":true},{"start":{"line":293,"column":12},"end":{"line":293,"column":53},"skip":true}]},"23":{"line":297,"type":"binary-expr","locations":[{"start":{"line":297,"column":12},"end":{"line":297,"column":62},"skip":true},{"start":{"line":298,"column":12},"end":{"line":301,"column":36},"skip":true}]},"24":{"line":303,"type":"binary-expr","locations":[{"start":{"line":303,"column":43},"end":{"line":303,"column":75},"skip":true},{"start":{"line":303,"column":79},"end":{"line":303,"column":81},"skip":true}]},"25":{"line":306,"type":"if","locations":[{"start":{"line":306,"column":8},"end":{"line":306,"column":8},"skip":true},{"start":{"line":306,"column":8},"end":{"line":306,"column":8},"skip":true}]},"26":{"line":310,"type":"if","locations":[{"start":{"line":310,"column":8},"end":{"line":310,"column":8},"skip":true},{"start":{"line":310,"column":8},"end":{"line":310,"column":8},"skip":true}]},"27":{"line":313,"type":"binary-expr","locations":[{"start":{"line":313,"column":27},"end":{"line":313,"column":43},"skip":true},{"start":{"line":313,"column":47},"end":{"line":313,"column":53},"skip":true}]},"28":{"line":317,"type":"if","locations":[{"start":{"line":317,"column":12},"end":{"line":317,"column":12},"skip":true},{"start":{"line":317,"column":12},"end":{"line":317,"column":12},"skip":true}]}},"code":["/*","example.js","","quickstart example","","instruction","    1. save this script as example.js","    2. run the shell command:","        $ npm install npmtest-asap && PORT=8081 node example.js","    3. play with the browser-demo on http://127.0.0.1:8081","*/","","","","/* istanbul instrument in package npmtest_asap */","/*jslint","    bitwise: true,","    browser: true,","    maxerr: 8,","    maxlen: 96,","    node: true,","    nomen: true,","    regexp: true,","    stupid: true","*/","(function () {","    'use strict';","    var local;","","","","    // run shared js-env code - init-before","    (function () {","        // init local","        local = {};","        // init modeJs","        local.modeJs = (function () {","            try {","                return typeof navigator.userAgent === 'string' &&","                    typeof document.querySelector('body') === 'object' &&","                    typeof XMLHttpRequest.prototype.open === 'function' &&","                    'browser';","            } catch (errorCaughtBrowser) {","                return module.exports &&","                    typeof process.versions.node === 'string' &&","                    typeof require('http').createServer === 'function' &&","                    'node';","            }","        }());","        // init global","        local.global = local.modeJs === 'browser'","            ? window","            : global;","        // init utility2_rollup","        local = local.global.utility2_rollup || (local.modeJs === 'browser'","            ? local.global.utility2_npmtest_asap","            : global.utility2_moduleExports);","        // export local","        local.global.local = local;","    }());","    switch (local.modeJs) {","","","","    // init-after","    // run browser js-env code - init-after","    /* istanbul ignore next */","    case 'browser':","        local.testRunBrowser = function (event) {","            if (!event || (event &&","                    event.currentTarget &&","                    event.currentTarget.className &&","                    event.currentTarget.className.includes &&","                    event.currentTarget.className.includes('onreset'))) {","                // reset output","                Array.from(","                    document.querySelectorAll('body > .resettable')","                ).forEach(function (element) {","                    switch (element.tagName) {","                    case 'INPUT':","                    case 'TEXTAREA':","                        element.value = '';","                        break;","                    default:","                        element.textContent = '';","                    }","                });","            }","            switch (event && event.currentTarget && event.currentTarget.id) {","            case 'testRunButton1':","                // show tests","                if (document.querySelector('#testReportDiv1').style.display === 'none') {","                    document.querySelector('#testReportDiv1').style.display = 'block';","                    document.querySelector('#testRunButton1').textContent =","                        'hide internal test';","                    local.modeTest = true;","                    local.testRunDefault(local);","                // hide tests","                } else {","                    document.querySelector('#testReportDiv1').style.display = 'none';","                    document.querySelector('#testRunButton1').textContent = 'run internal test';","                }","                break;","            // custom-case","            default:","                break;","            }","            if (document.querySelector('#inputTextareaEval1') && (!event || (event &&","                    event.currentTarget &&","                    event.currentTarget.className &&","                    event.currentTarget.className.includes &&","                    event.currentTarget.className.includes('oneval')))) {","                // try to eval input-code","                try {","                    /*jslint evil: true*/","                    eval(document.querySelector('#inputTextareaEval1').value);","                } catch (errorCaught) {","                    console.error(errorCaught);","                }","            }","        };","        // log stderr and stdout to #outputTextareaStdout1","        ['error', 'log'].forEach(function (key) {","            console[key + '_original'] = console[key];","            console[key] = function () {","                var element;","                console[key + '_original'].apply(console, arguments);","                element = document.querySelector('#outputTextareaStdout1');","                if (!element) {","                    return;","                }","                // append text to #outputTextareaStdout1","                element.value += Array.from(arguments).map(function (arg) {","                    return typeof arg === 'string'","                        ? arg","                        : JSON.stringify(arg, null, 4);","                }).join(' ') + '\\n';","                // scroll textarea to bottom","                element.scrollTop = element.scrollHeight;","            };","        });","        // init event-handling","        ['change', 'click', 'keyup'].forEach(function (event) {","            Array.from(document.querySelectorAll('.on' + event)).forEach(function (element) {","                element.addEventListener(event, local.testRunBrowser);","            });","        });","        // run tests","        local.testRunBrowser();","        break;","","","","    // run node js-env code - init-after","    /* istanbul ignore next */","    case 'node':","        // export local","        module.exports = local;","        // require modules","        local.fs = require('fs');","        local.http = require('http');","        local.url = require('url');","        // init assets","        local.assetsDict = local.assetsDict || {};","        /* jslint-ignore-begin */","        local.assetsDict['/assets.index.template.html'] = '\\","<!doctype html>\\n\\","<html lang=\"en\">\\n\\","<head>\\n\\","<meta charset=\"UTF-8\">\\n\\","<meta name=\"viewport\" content=\"width=device-width, initial-scale=1\">\\n\\","<title>{{env.npm_package_name}} (v{{env.npm_package_version}})</title>\\n\\","<style>\\n\\","/*csslint\\n\\","    box-sizing: false,\\n\\","    universal-selector: false\\n\\","*/\\n\\","* {\\n\\","    box-sizing: border-box;\\n\\","}\\n\\","body {\\n\\","    background: #dde;\\n\\","    font-family: Arial, Helvetica, sans-serif;\\n\\","    margin: 2rem;\\n\\","}\\n\\","body > * {\\n\\","    margin-bottom: 1rem;\\n\\","}\\n\\",".utility2FooterDiv {\\n\\","    margin-top: 20px;\\n\\","    text-align: center;\\n\\","}\\n\\","</style>\\n\\","<style>\\n\\","/*csslint\\n\\","*/\\n\\","textarea {\\n\\","    font-family: monospace;\\n\\","    height: 10rem;\\n\\","    width: 100%;\\n\\","}\\n\\","textarea[readonly] {\\n\\","    background: #ddd;\\n\\","}\\n\\","</style>\\n\\","</head>\\n\\","<body>\\n\\","<!-- utility2-comment\\n\\","<div id=\"ajaxProgressDiv1\" style=\"background: #d00; height: 2px; left: 0; margin: 0; padding: 0; position: fixed; top: 0; transition: background 0.5s, width 1.5s; width: 25%;\"></div>\\n\\","utility2-comment -->\\n\\","<h1>\\n\\","<!-- utility2-comment\\n\\","    <a\\n\\","        {{#if env.npm_package_homepage}}\\n\\","        href=\"{{env.npm_package_homepage}}\"\\n\\","        {{/if env.npm_package_homepage}}\\n\\","        target=\"_blank\"\\n\\","    >\\n\\","utility2-comment -->\\n\\","        {{env.npm_package_name}} (v{{env.npm_package_version}})\\n\\","<!-- utility2-comment\\n\\","    </a>\\n\\","utility2-comment -->\\n\\","</h1>\\n\\","<h3>{{env.npm_package_description}}</h3>\\n\\","<!-- utility2-comment\\n\\","<h4><a download href=\"assets.app.js\">download standalone app</a></h4>\\n\\","<button class=\"onclick onreset\" id=\"testRunButton1\">run internal test</button><br>\\n\\","<div id=\"testReportDiv1\" style=\"display: none;\"></div>\\n\\","utility2-comment -->\\n\\","\\n\\","\\n\\","\\n\\","<label>stderr and stdout</label>\\n\\","<textarea class=\"resettable\" id=\"outputTextareaStdout1\" readonly></textarea>\\n\\","<!-- utility2-comment\\n\\","{{#if isRollup}}\\n\\","<script src=\"assets.app.js\"></script>\\n\\","{{#unless isRollup}}\\n\\","utility2-comment -->\\n\\","<script src=\"assets.utility2.rollup.js\"></script>\\n\\","<script src=\"jsonp.utility2._stateInit?callback=window.utility2._stateInit\"></script>\\n\\","<script src=\"assets.npmtest_asap.rollup.js\"></script>\\n\\","<script src=\"assets.example.js\"></script>\\n\\","<script src=\"assets.test.js\"></script>\\n\\","<!-- utility2-comment\\n\\","{{/if isRollup}}\\n\\","utility2-comment -->\\n\\","<div class=\"utility2FooterDiv\">\\n\\","    [ this app was created with\\n\\","    <a href=\"https://github.com/kaizhu256/node-utility2\" target=\"_blank\">utility2</a>\\n\\","    ]\\n\\","</div>\\n\\","</body>\\n\\","</html>\\n\\","';","        /* jslint-ignore-end */","        if (local.templateRender) {","            local.assetsDict['/'] = local.templateRender(","                local.assetsDict['/assets.index.template.html'],","                {","                    env: local.objectSetDefault(local.env, {","                        npm_package_description: 'the greatest app in the world!',","                        npm_package_name: 'my-app',","                        npm_package_nameAlias: 'my_app',","                        npm_package_version: '0.0.1'","                    })","                }","            );","        } else {","            local.assetsDict['/'] = local.assetsDict['/assets.index.template.html']","                .replace((/\\{\\{env\\.(\\w+?)\\}\\}/g), function (match0, match1) {","                    // jslint-hack","                    String(match0);","                    switch (match1) {","                    case 'npm_package_description':","                        return 'the greatest app in the world!';","                    case 'npm_package_name':","                        return 'my-app';","                    case 'npm_package_nameAlias':","                        return 'my_app';","                    case 'npm_package_version':","                        return '0.0.1';","                    }","                });","        }","        // run the cli","        if (local.global.utility2_rollup || module !== require.main) {","            break;","        }","        local.assetsDict['/assets.example.js'] =","            local.assetsDict['/assets.example.js'] ||","            local.fs.readFileSync(__filename, 'utf8');","        // bug-workaround - long $npm_package_buildCustomOrg","        /* jslint-ignore-begin */","        local.assetsDict['/assets.npmtest_asap.rollup.js'] =","            local.assetsDict['/assets.npmtest_asap.rollup.js'] ||","            local.fs.readFileSync(","                local.npmtest_asap.__dirname + '/lib.npmtest_asap.js',","                'utf8'","            ).replace((/^#!/), '//');","        /* jslint-ignore-end */","        local.assetsDict['/favicon.ico'] = local.assetsDict['/favicon.ico'] || '';","        // if $npm_config_timeout_exit exists,","        // then exit this process after $npm_config_timeout_exit ms","        if (Number(process.env.npm_config_timeout_exit)) {","            setTimeout(process.exit, Number(process.env.npm_config_timeout_exit));","        }","        // start server","        if (local.global.utility2_serverHttp1) {","            break;","        }","        process.env.PORT = process.env.PORT || '8081';","        console.error('server starting on port ' + process.env.PORT);","        local.http.createServer(function (request, response) {","            request.urlParsed = local.url.parse(request.url);","            if (local.assetsDict[request.urlParsed.pathname] !== undefined) {","                response.end(local.assetsDict[request.urlParsed.pathname]);","                return;","            }","            response.statusCode = 404;","            response.end();","        }).listen(process.env.PORT);","        break;","    }","}());",""],"l":{"26":2,"28":2,"33":2,"35":2,"37":2,"38":2,"39":2,"44":1,"51":2,"55":2,"59":2,"61":2,"69":1,"70":2,"76":2,"79":2,"82":2,"83":2,"85":1,"89":2,"92":1,"93":1,"94":1,"96":1,"97":1,"100":1,"101":1,"103":1,"106":1,"108":2,"114":1,"116":1,"118":1,"123":1,"124":2,"125":2,"126":3,"127":3,"128":3,"129":3,"130":1,"133":3,"134":3,"139":3,"143":1,"144":3,"145":1,"149":1,"150":1,"158":1,"160":1,"161":1,"162":1,"164":1,"166":1,"258":1,"259":1,"271":1,"274":6,"275":6,"277":1,"279":2,"281":1,"283":2,"288":1,"289":1,"291":1,"296":1,"303":1,"306":1,"307":1,"310":1,"311":1,"313":1,"314":1,"315":1,"316":1,"317":1,"318":1,"319":1,"321":1,"322":1,"324":1}},"/home/travis/build/npmtest/node-npmtest-asap/node_modules/asap/asap.js":{"path":"/home/travis/build/npmtest/node-npmtest-asap/node_modules/asap/asap.js","s":{"1":1,"2":1,"3":1,"4":1,"5":0,"6":0,"7":0,"8":0,"9":0,"10":0,"11":0,"12":1,"13":0,"14":0,"15":1,"16":0,"17":0,"18":0,"19":0,"20":0,"21":0,"22":0,"23":0,"24":0,"25":0,"26":0,"27":0,"28":0},"b":{"1":[0,0],"2":[0,0],"3":[0,0],"4":[0,0]},"f":{"1":0,"2":0,"3":0},"fnMap":{"1":{"name":"asap","line":17,"loc":{"start":{"line":17,"column":0},"end":{"line":17,"column":20}}},"2":{"name":"RawTask","line":29,"loc":{"start":{"line":29,"column":0},"end":{"line":29,"column":19}}},"3":{"name":"(anonymous_3)","line":34,"loc":{"start":{"line":34,"column":25},"end":{"line":34,"column":37}}}},"statementMap":{"1":{"start":{"line":3,"column":0},"end":{"line":3,"column":31}},"2":{"start":{"line":4,"column":0},"end":{"line":4,"column":19}},"3":{"start":{"line":16,"column":0},"end":{"line":16,"column":22}},"4":{"start":{"line":17,"column":0},"end":{"line":27,"column":1}},"5":{"start":{"line":18,"column":4},"end":{"line":18,"column":16}},"6":{"start":{"line":19,"column":4},"end":{"line":23,"column":5}},"7":{"start":{"line":20,"column":8},"end":{"line":20,"column":34}},"8":{"start":{"line":22,"column":8},"end":{"line":22,"column":32}},"9":{"start":{"line":24,"column":4},"end":{"line":24,"column":24}},"10":{"start":{"line":25,"column":4},"end":{"line":25,"column":36}},"11":{"start":{"line":26,"column":4},"end":{"line":26,"column":21}},"12":{"start":{"line":29,"column":0},"end":{"line":32,"column":1}},"13":{"start":{"line":30,"column":4},"end":{"line":30,"column":21}},"14":{"start":{"line":31,"column":4},"end":{"line":31,"column":23}},"15":{"start":{"line":34,"column":0},"end":{"line":64,"column":2}},"16":{"start":{"line":35,"column":4},"end":{"line":37,"column":5}},"17":{"start":{"line":36,"column":8},"end":{"line":36,"column":28}},"18":{"start":{"line":38,"column":4},"end":{"line":38,"column":21}},"19":{"start":{"line":39,"column":4},"end":{"line":63,"column":5}},"20":{"start":{"line":40,"column":8},"end":{"line":40,"column":25}},"21":{"start":{"line":41,"column":8},"end":{"line":41,"column":22}},"22":{"start":{"line":44,"column":8},"end":{"line":46,"column":9}},"23":{"start":{"line":45,"column":12},"end":{"line":45,"column":31}},"24":{"start":{"line":50,"column":8},"end":{"line":57,"column":9}},"25":{"start":{"line":56,"column":12},"end":{"line":56,"column":35}},"26":{"start":{"line":60,"column":8},"end":{"line":60,"column":25}},"27":{"start":{"line":61,"column":8},"end":{"line":61,"column":27}},"28":{"start":{"line":62,"column":8},"end":{"line":62,"column":29}}},"branchMap":{"1":{"line":19,"type":"if","locations":[{"start":{"line":19,"column":4},"end":{"line":19,"column":4}},{"start":{"line":19,"column":4},"end":{"line":19,"column":4}}]},"2":{"line":35,"type":"if","locations":[{"start":{"line":35,"column":4},"end":{"line":35,"column":4}},{"start":{"line":35,"column":4},"end":{"line":35,"column":4}}]},"3":{"line":44,"type":"if","locations":[{"start":{"line":44,"column":8},"end":{"line":44,"column":8}},{"start":{"line":44,"column":8},"end":{"line":44,"column":8}}]},"4":{"line":50,"type":"if","locations":[{"start":{"line":50,"column":8},"end":{"line":50,"column":8}},{"start":{"line":50,"column":8},"end":{"line":50,"column":8}}]}},"code":["\"use strict\";","","var rawAsap = require(\"./raw\");","var freeTasks = [];","","/**"," * Calls a task as soon as possible after returning, in its own event, with"," * priority over IO events. An exception thrown in a task can be handled by"," * `process.on(\"uncaughtException\") or `domain.on(\"error\")`, but will otherwise"," * crash the process. If the error is handled, all subsequent tasks will"," * resume."," *"," * @param {{call}} task A callable object, typically a function that takes no"," * arguments."," */","module.exports = asap;","function asap(task) {","    var rawTask;","    if (freeTasks.length) {","        rawTask = freeTasks.pop();","    } else {","        rawTask = new RawTask();","    }","    rawTask.task = task;","    rawTask.domain = process.domain;","    rawAsap(rawTask);","}","","function RawTask() {","    this.task = null;","    this.domain = null;","}","","RawTask.prototype.call = function () {","    if (this.domain) {","        this.domain.enter();","    }","    var threw = true;","    try {","        this.task.call();","        threw = false;","        // If the task throws an exception (presumably) Node.js restores the","        // domain stack for the next event.","        if (this.domain) {","            this.domain.exit();","        }","    } finally {","        // We use try/finally and a threw flag to avoid messing up stack traces","        // when we catch and release errors.","        if (threw) {","            // In Node.js, uncaught exceptions are considered fatal errors.","            // Re-throw them to interrupt flushing!","            // Ensure that flushing continues if an uncaught exception is","            // suppressed listening process.on(\"uncaughtException\") or","            // domain.on(\"error\").","            rawAsap.requestFlush();","        }","        // If the task threw an error, we do not want to exit the domain here.","        // Exiting the domain would prevent the domain from catching the error.","        this.task = null;","        this.domain = null;","        freeTasks.push(this);","    }","};","",""],"l":{"3":1,"4":1,"16":1,"17":1,"18":0,"19":0,"20":0,"22":0,"24":0,"25":0,"26":0,"29":1,"30":0,"31":0,"34":1,"35":0,"36":0,"38":0,"39":0,"40":0,"41":0,"44":0,"45":0,"50":0,"56":0,"60":0,"61":0,"62":0}},"/home/travis/build/npmtest/node-npmtest-asap/node_modules/asap/raw.js":{"path":"/home/travis/build/npmtest/node-npmtest-asap/node_modules/asap/raw.js","s":{"1":1,"2":1,"3":1,"4":1,"5":0,"6":0,"7":0,"8":0,"9":1,"10":1,"11":1,"12":1,"13":1,"14":0,"15":0,"16":0,"17":0,"18":0,"19":0,"20":0,"21":0,"22":0,"23":0,"24":0,"25":0,"26":1,"27":1,"28":0,"29":0,"30":0,"31":0,"32":0,"33":0,"34":0,"35":0,"36":0,"37":0},"b":{"1":[0,0],"2":[0,0],"3":[0,0],"4":[0,0],"5":[0,0],"6":[0,0],"7":[0,0]},"f":{"1":0,"2":0,"3":0},"fnMap":{"1":{"name":"rawAsap","line":16,"loc":{"start":{"line":16,"column":0},"end":{"line":16,"column":23}}},"2":{"name":"flush","line":44,"loc":{"start":{"line":44,"column":0},"end":{"line":44,"column":17}}},"3":{"name":"requestFlush","line":72,"loc":{"start":{"line":72,"column":0},"end":{"line":72,"column":24}}}},"statementMap":{"1":{"start":{"line":3,"column":0},"end":{"line":3,"column":11}},"2":{"start":{"line":4,"column":0},"end":{"line":4,"column":57}},"3":{"start":{"line":15,"column":0},"end":{"line":15,"column":25}},"4":{"start":{"line":16,"column":0},"end":{"line":23,"column":1}},"5":{"start":{"line":17,"column":4},"end":{"line":20,"column":5}},"6":{"start":{"line":18,"column":8},"end":{"line":18,"column":23}},"7":{"start":{"line":19,"column":8},"end":{"line":19,"column":24}},"8":{"start":{"line":22,"column":4},"end":{"line":22,"column":31}},"9":{"start":{"line":25,"column":0},"end":{"line":25,"column":15}},"10":{"start":{"line":28,"column":0},"end":{"line":28,"column":21}},"11":{"start":{"line":32,"column":0},"end":{"line":32,"column":14}},"12":{"start":{"line":36,"column":0},"end":{"line":36,"column":20}},"13":{"start":{"line":44,"column":0},"end":{"line":69,"column":1}},"14":{"start":{"line":45,"column":4},"end":{"line":65,"column":5}},"15":{"start":{"line":46,"column":8},"end":{"line":46,"column":33}},"16":{"start":{"line":49,"column":8},"end":{"line":49,"column":26}},"17":{"start":{"line":50,"column":8},"end":{"line":50,"column":35}},"18":{"start":{"line":56,"column":8},"end":{"line":64,"column":9}},"19":{"start":{"line":59,"column":12},"end":{"line":61,"column":13}},"20":{"start":{"line":60,"column":16},"end":{"line":60,"column":50}},"21":{"start":{"line":62,"column":12},"end":{"line":62,"column":34}},"22":{"start":{"line":63,"column":12},"end":{"line":63,"column":22}},"23":{"start":{"line":66,"column":4},"end":{"line":66,"column":21}},"24":{"start":{"line":67,"column":4},"end":{"line":67,"column":14}},"25":{"start":{"line":68,"column":4},"end":{"line":68,"column":21}},"26":{"start":{"line":71,"column":0},"end":{"line":71,"column":36}},"27":{"start":{"line":72,"column":0},"end":{"line":101,"column":1}},"28":{"start":{"line":76,"column":4},"end":{"line":76,"column":38}},"29":{"start":{"line":77,"column":4},"end":{"line":84,"column":5}},"30":{"start":{"line":78,"column":8},"end":{"line":82,"column":9}},"31":{"start":{"line":81,"column":12},"end":{"line":81,"column":39}},"32":{"start":{"line":83,"column":8},"end":{"line":83,"column":46}},"33":{"start":{"line":92,"column":4},"end":{"line":96,"column":5}},"34":{"start":{"line":93,"column":8},"end":{"line":93,"column":28}},"35":{"start":{"line":95,"column":8},"end":{"line":95,"column":32}},"36":{"start":{"line":98,"column":4},"end":{"line":100,"column":5}},"37":{"start":{"line":99,"column":8},"end":{"line":99,"column":54}}},"branchMap":{"1":{"line":17,"type":"if","locations":[{"start":{"line":17,"column":4},"end":{"line":17,"column":4}},{"start":{"line":17,"column":4},"end":{"line":17,"column":4}}]},"2":{"line":56,"type":"if","locations":[{"start":{"line":56,"column":8},"end":{"line":56,"column":8}},{"start":{"line":56,"column":8},"end":{"line":56,"column":8}}]},"3":{"line":77,"type":"if","locations":[{"start":{"line":77,"column":4},"end":{"line":77,"column":4}},{"start":{"line":77,"column":4},"end":{"line":77,"column":4}}]},"4":{"line":78,"type":"if","locations":[{"start":{"line":78,"column":8},"end":{"line":78,"column":8}},{"start":{"line":78,"column":8},"end":{"line":78,"column":8}}]},"5":{"line":92,"type":"if","locations":[{"start":{"line":92,"column":4},"end":{"line":92,"column":4}},{"start":{"line":92,"column":4},"end":{"line":92,"column":4}}]},"6":{"line":92,"type":"binary-expr","locations":[{"start":{"line":92,"column":8},"end":{"line":92,"column":16}},{"start":{"line":92,"column":20},"end":{"line":92,"column":35}}]},"7":{"line":98,"type":"if","locations":[{"start":{"line":98,"column":4},"end":{"line":98,"column":4}},{"start":{"line":98,"column":4},"end":{"line":98,"column":4}}]}},"code":["\"use strict\";","","var domain; // The domain module is executed on demand","var hasSetImmediate = typeof setImmediate === \"function\";","","// Use the fastest means possible to execute a task in its own turn, with","// priority over other events including network IO events in Node.js.","//","// An exception thrown by a task will permanently interrupt the processing of","// subsequent tasks. The higher level `asap` function ensures that if an","// exception is thrown by a task, that the task queue will continue flushing as","// soon as possible, but if you use `rawAsap` directly, you are responsible to","// either ensure that no exceptions are thrown from your task, or to manually","// call `rawAsap.requestFlush` if an exception is thrown.","module.exports = rawAsap;","function rawAsap(task) {","    if (!queue.length) {","        requestFlush();","        flushing = true;","    }","    // Avoids a function call","    queue[queue.length] = task;","}","","var queue = [];","// Once a flush has been requested, no further calls to `requestFlush` are","// necessary until the next `flush` completes.","var flushing = false;","// The position of the next task to execute in the task queue. This is","// preserved between calls to `flush` so that it can be resumed if","// a task throws an exception.","var index = 0;","// If a task schedules additional tasks recursively, the task queue can grow","// unbounded. To prevent memory excaustion, the task queue will periodically","// truncate already-completed tasks.","var capacity = 1024;","","// The flush function processes all tasks that have been scheduled with","// `rawAsap` unless and until one of those tasks throws an exception.","// If a task throws an exception, `flush` ensures that its state will remain","// consistent and will resume where it left off when called again.","// However, `flush` does not make any arrangements to be called again if an","// exception is thrown.","function flush() {","    while (index < queue.length) {","        var currentIndex = index;","        // Advance the index before calling the task. This ensures that we will","        // begin flushing on the next task the task throws an error.","        index = index + 1;","        queue[currentIndex].call();","        // Prevent leaking memory for long chains of recursive calls to `asap`.","        // If we call `asap` within tasks scheduled by `asap`, the queue will","        // grow, but to avoid an O(n) walk for every task we execute, we don't","        // shift tasks off the queue after they have been executed.","        // Instead, we periodically shift 1024 tasks off the queue.","        if (index > capacity) {","            // Manually shift all values starting at the index back to the","            // beginning of the queue.","            for (var scan = 0, newLength = queue.length - index; scan < newLength; scan++) {","                queue[scan] = queue[scan + index];","            }","            queue.length -= index;","            index = 0;","        }","    }","    queue.length = 0;","    index = 0;","    flushing = false;","}","","rawAsap.requestFlush = requestFlush;","function requestFlush() {","    // Ensure flushing is not bound to any domain.","    // It is not sufficient to exit the domain, because domains exist on a stack.","    // To execute code outside of any domain, the following dance is necessary.","    var parentDomain = process.domain;","    if (parentDomain) {","        if (!domain) {","            // Lazy execute the domain module.","            // Only employed if the user elects to use domains.","            domain = require(\"domain\");","        }","        domain.active = process.domain = null;","    }","","    // `setImmediate` is slower that `process.nextTick`, but `process.nextTick`","    // cannot handle recursion.","    // `requestFlush` will only be called recursively from `asap.js`, to resume","    // flushing after an error is thrown into a domain.","    // Conveniently, `setImmediate` was introduced in the same version","    // `process.nextTick` started throwing recursion errors.","    if (flushing && hasSetImmediate) {","        setImmediate(flush);","    } else {","        process.nextTick(flush);","    }","","    if (parentDomain) {","        domain.active = process.domain = parentDomain;","    }","}",""],"l":{"3":1,"4":1,"15":1,"16":1,"17":0,"18":0,"19":0,"22":0,"25":1,"28":1,"32":1,"36":1,"44":1,"45":0,"46":0,"49":0,"50":0,"56":0,"59":0,"60":0,"62":0,"63":0,"66":0,"67":0,"68":0,"71":1,"72":1,"76":0,"77":0,"78":0,"81":0,"83":0,"92":0,"93":0,"95":0,"98":0,"99":0}},"/home/travis/build/npmtest/node-npmtest-asap/node_modules/asap/browser-asap.js":{"path":"/home/travis/build/npmtest/node-npmtest-asap/node_modules/asap/browser-asap.js","s":{"1":2,"2":2,"3":2,"4":2,"5":1,"6":0,"7":0,"8":0,"9":1,"10":0,"11":0,"12":0,"13":0,"14":0,"15":0,"16":1,"17":0,"18":0,"19":0,"20":0,"21":0,"22":0,"23":0,"24":0,"25":0,"26":0},"b":{"1":[0,0],"2":[0,0],"3":[0,0]},"f":{"1":0,"2":0,"3":0,"4":0},"fnMap":{"1":{"name":"throwFirstError","line":12,"loc":{"start":{"line":12,"column":0},"end":{"line":12,"column":27}}},"2":{"name":"asap","line":27,"loc":{"start":{"line":27,"column":0},"end":{"line":27,"column":20}}},"3":{"name":"RawTask","line":40,"loc":{"start":{"line":40,"column":0},"end":{"line":40,"column":19}}},"4":{"name":"(anonymous_4)","line":46,"loc":{"start":{"line":46,"column":25},"end":{"line":46,"column":37}}}},"statementMap":{"1":{"start":{"line":4,"column":0},"end":{"line":4,"column":31}},"2":{"start":{"line":6,"column":0},"end":{"line":6,"column":19}},"3":{"start":{"line":9,"column":0},"end":{"line":9,"column":23}},"4":{"start":{"line":10,"column":0},"end":{"line":10,"column":74}},"5":{"start":{"line":12,"column":0},"end":{"line":16,"column":1}},"6":{"start":{"line":13,"column":4},"end":{"line":15,"column":5}},"7":{"start":{"line":14,"column":8},"end":{"line":14,"column":36}},"8":{"start":{"line":26,"column":0},"end":{"line":26,"column":22}},"9":{"start":{"line":27,"column":0},"end":{"line":36,"column":1}},"10":{"start":{"line":28,"column":4},"end":{"line":28,"column":16}},"11":{"start":{"line":29,"column":4},"end":{"line":33,"column":5}},"12":{"start":{"line":30,"column":8},"end":{"line":30,"column":34}},"13":{"start":{"line":32,"column":8},"end":{"line":32,"column":32}},"14":{"start":{"line":34,"column":4},"end":{"line":34,"column":24}},"15":{"start":{"line":35,"column":4},"end":{"line":35,"column":21}},"16":{"start":{"line":40,"column":0},"end":{"line":42,"column":1}},"17":{"start":{"line":41,"column":4},"end":{"line":41,"column":21}},"18":{"start":{"line":46,"column":0},"end":{"line":66,"column":2}},"19":{"start":{"line":47,"column":4},"end":{"line":65,"column":5}},"20":{"start":{"line":48,"column":8},"end":{"line":48,"column":25}},"21":{"start":{"line":50,"column":8},"end":{"line":61,"column":9}},"22":{"start":{"line":54,"column":12},"end":{"line":54,"column":32}},"23":{"start":{"line":59,"column":12},"end":{"line":59,"column":38}},"24":{"start":{"line":60,"column":12},"end":{"line":60,"column":32}},"25":{"start":{"line":63,"column":8},"end":{"line":63,"column":25}},"26":{"start":{"line":64,"column":8},"end":{"line":64,"column":43}}},"branchMap":{"1":{"line":13,"type":"if","locations":[{"start":{"line":13,"column":4},"end":{"line":13,"column":4}},{"start":{"line":13,"column":4},"end":{"line":13,"column":4}}]},"2":{"line":29,"type":"if","locations":[{"start":{"line":29,"column":4},"end":{"line":29,"column":4}},{"start":{"line":29,"column":4},"end":{"line":29,"column":4}}]},"3":{"line":50,"type":"if","locations":[{"start":{"line":50,"column":8},"end":{"line":50,"column":8}},{"start":{"line":50,"column":8},"end":{"line":50,"column":8}}]}},"code":["\"use strict\";","","// rawAsap provides everything we need except exception management.","var rawAsap = require(\"./raw\");","// RawTasks are recycled to reduce GC churn.","var freeTasks = [];","// We queue errors to ensure they are thrown in right order (FIFO).","// Array-as-queue is good enough here, since we are just dealing with exceptions.","var pendingErrors = [];","var requestErrorThrow = rawAsap.makeRequestCallFromTimer(throwFirstError);","","function throwFirstError() {","    if (pendingErrors.length) {","        throw pendingErrors.shift();","    }","}","","/**"," * Calls a task as soon as possible after returning, in its own event, with priority"," * over other events like animation, reflow, and repaint. An error thrown from an"," * event will not interrupt, nor even substantially slow down the processing of"," * other events, but will be rather postponed to a lower priority event."," * @param {{call}} task A callable object, typically a function that takes no"," * arguments."," */","module.exports = asap;","function asap(task) {","    var rawTask;","    if (freeTasks.length) {","        rawTask = freeTasks.pop();","    } else {","        rawTask = new RawTask();","    }","    rawTask.task = task;","    rawAsap(rawTask);","}","","// We wrap tasks with recyclable task objects.  A task object implements","// `call`, just like a function.","function RawTask() {","    this.task = null;","}","","// The sole purpose of wrapping the task is to catch the exception and recycle","// the task object after its single use.","RawTask.prototype.call = function () {","    try {","        this.task.call();","    } catch (error) {","        if (asap.onerror) {","            // This hook exists purely for testing purposes.","            // Its name will be periodically randomized to break any code that","            // depends on its existence.","            asap.onerror(error);","        } else {","            // In a web browser, exceptions are not fatal. However, to avoid","            // slowing down the queue of pending tasks, we rethrow the error in a","            // lower priority turn.","            pendingErrors.push(error);","            requestErrorThrow();","        }","    } finally {","        this.task = null;","        freeTasks[freeTasks.length] = this;","    }","};",""],"l":{"4":2,"6":2,"9":2,"10":2,"12":1,"13":0,"14":0,"26":0,"27":1,"28":0,"29":0,"30":0,"32":0,"34":0,"35":0,"40":1,"41":0,"46":0,"47":0,"48":0,"50":0,"54":0,"59":0,"60":0,"63":0,"64":0}},"/home/travis/build/npmtest/node-npmtest-asap/node_modules/asap/browser-raw.js":{"path":"/home/travis/build/npmtest/node-npmtest-asap/node_modules/asap/browser-raw.js","s":{"1":1,"2":1,"3":0,"4":0,"5":0,"6":0,"7":1,"8":1,"9":1,"10":1,"11":1,"12":1,"13":0,"14":0,"15":0,"16":0,"17":0,"18":0,"19":0,"20":0,"21":0,"22":0,"23":0,"24":0,"25":1,"26":1,"27":1,"28":0,"29":1,"30":1,"31":1,"32":0,"33":0,"34":0,"35":0,"36":0,"37":0,"38":0,"39":1,"40":1,"41":0,"42":0,"43":1,"44":0,"45":0,"46":0,"47":1},"b":{"1":[0,0],"2":[0,0],"3":[1,0],"4":[1,1],"5":[0,1]},"f":{"1":0,"2":0,"3":0,"4":0,"5":1,"6":0,"7":0},"fnMap":{"1":{"name":"rawAsap","line":14,"loc":{"start":{"line":14,"column":0},"end":{"line":14,"column":23}}},"2":{"name":"flush","line":46,"loc":{"start":{"line":46,"column":0},"end":{"line":46,"column":17}}},"3":{"name":"makeRequestCallFromMutationObserver","line":140,"loc":{"start":{"line":140,"column":0},"end":{"line":140,"column":55}}},"4":{"name":"requestCall","line":145,"loc":{"start":{"line":145,"column":11},"end":{"line":145,"column":34}}},"5":{"name":"makeRequestCallFromTimer","line":191,"loc":{"start":{"line":191,"column":0},"end":{"line":191,"column":44}}},"6":{"name":"requestCall","line":192,"loc":{"start":{"line":192,"column":11},"end":{"line":192,"column":34}}},"7":{"name":"handleTimer","line":203,"loc":{"start":{"line":203,"column":8},"end":{"line":203,"column":31}}}},"statementMap":{"1":{"start":{"line":13,"column":0},"end":{"line":13,"column":25}},"2":{"start":{"line":14,"column":0},"end":{"line":21,"column":1}},"3":{"start":{"line":15,"column":4},"end":{"line":18,"column":5}},"4":{"start":{"line":16,"column":8},"end":{"line":16,"column":23}},"5":{"start":{"line":17,"column":8},"end":{"line":17,"column":24}},"6":{"start":{"line":20,"column":4},"end":{"line":20,"column":31}},"7":{"start":{"line":23,"column":0},"end":{"line":23,"column":15}},"8":{"start":{"line":26,"column":0},"end":{"line":26,"column":21}},"9":{"start":{"line":30,"column":0},"end":{"line":30,"column":17}},"10":{"start":{"line":34,"column":0},"end":{"line":34,"column":14}},"11":{"start":{"line":38,"column":0},"end":{"line":38,"column":20}},"12":{"start":{"line":46,"column":0},"end":{"line":71,"column":1}},"13":{"start":{"line":47,"column":4},"end":{"line":67,"column":5}},"14":{"start":{"line":48,"column":8},"end":{"line":48,"column":33}},"15":{"start":{"line":51,"column":8},"end":{"line":51,"column":26}},"16":{"start":{"line":52,"column":8},"end":{"line":52,"column":35}},"17":{"start":{"line":58,"column":8},"end":{"line":66,"column":9}},"18":{"start":{"line":61,"column":12},"end":{"line":63,"column":13}},"19":{"start":{"line":62,"column":16},"end":{"line":62,"column":50}},"20":{"start":{"line":64,"column":12},"end":{"line":64,"column":34}},"21":{"start":{"line":65,"column":12},"end":{"line":65,"column":22}},"22":{"start":{"line":68,"column":4},"end":{"line":68,"column":21}},"23":{"start":{"line":69,"column":4},"end":{"line":69,"column":14}},"24":{"start":{"line":70,"column":4},"end":{"line":70,"column":21}},"25":{"start":{"line":83,"column":0},"end":{"line":83,"column":58}},"26":{"start":{"line":84,"column":0},"end":{"line":84,"column":85}},"27":{"start":{"line":97,"column":0},"end":{"line":129,"column":1}},"28":{"start":{"line":98,"column":4},"end":{"line":98,"column":62}},"29":{"start":{"line":128,"column":4},"end":{"line":128,"column":51}},"30":{"start":{"line":136,"column":0},"end":{"line":136,"column":36}},"31":{"start":{"line":140,"column":0},"end":{"line":149,"column":1}},"32":{"start":{"line":141,"column":4},"end":{"line":141,"column":19}},"33":{"start":{"line":142,"column":4},"end":{"line":142,"column":57}},"34":{"start":{"line":143,"column":4},"end":{"line":143,"column":43}},"35":{"start":{"line":144,"column":4},"end":{"line":144,"column":50}},"36":{"start":{"line":145,"column":4},"end":{"line":148,"column":6}},"37":{"start":{"line":146,"column":8},"end":{"line":146,"column":25}},"38":{"start":{"line":147,"column":8},"end":{"line":147,"column":27}},"39":{"start":{"line":191,"column":0},"end":{"line":211,"column":1}},"40":{"start":{"line":192,"column":4},"end":{"line":210,"column":6}},"41":{"start":{"line":197,"column":8},"end":{"line":197,"column":55}},"42":{"start":{"line":201,"column":8},"end":{"line":201,"column":58}},"43":{"start":{"line":203,"column":8},"end":{"line":209,"column":9}},"44":{"start":{"line":206,"column":12},"end":{"line":206,"column":40}},"45":{"start":{"line":207,"column":12},"end":{"line":207,"column":42}},"46":{"start":{"line":208,"column":12},"end":{"line":208,"column":23}},"47":{"start":{"line":216,"column":0},"end":{"line":216,"column":60}}},"branchMap":{"1":{"line":15,"type":"if","locations":[{"start":{"line":15,"column":4},"end":{"line":15,"column":4}},{"start":{"line":15,"column":4},"end":{"line":15,"column":4}}]},"2":{"line":58,"type":"if","locations":[{"start":{"line":58,"column":8},"end":{"line":58,"column":8}},{"start":{"line":58,"column":8},"end":{"line":58,"column":8}}]},"3":{"line":83,"type":"cond-expr","locations":[{"start":{"line":83,"column":44},"end":{"line":83,"column":50}},{"start":{"line":83,"column":53},"end":{"line":83,"column":57}}]},"4":{"line":84,"type":"binary-expr","locations":[{"start":{"line":84,"column":30},"end":{"line":84,"column":52}},{"start":{"line":84,"column":56},"end":{"line":84,"column":84}}]},"5":{"line":97,"type":"if","locations":[{"start":{"line":97,"column":0},"end":{"line":97,"column":0}},{"start":{"line":97,"column":0},"end":{"line":97,"column":0}}]}},"code":["\"use strict\";","","// Use the fastest means possible to execute a task in its own turn, with","// priority over other events including IO, animation, reflow, and redraw","// events in browsers.","//","// An exception thrown by a task will permanently interrupt the processing of","// subsequent tasks. The higher level `asap` function ensures that if an","// exception is thrown by a task, that the task queue will continue flushing as","// soon as possible, but if you use `rawAsap` directly, you are responsible to","// either ensure that no exceptions are thrown from your task, or to manually","// call `rawAsap.requestFlush` if an exception is thrown.","module.exports = rawAsap;","function rawAsap(task) {","    if (!queue.length) {","        requestFlush();","        flushing = true;","    }","    // Equivalent to push, but avoids a function call.","    queue[queue.length] = task;","}","","var queue = [];","// Once a flush has been requested, no further calls to `requestFlush` are","// necessary until the next `flush` completes.","var flushing = false;","// `requestFlush` is an implementation-specific method that attempts to kick","// off a `flush` event as quickly as possible. `flush` will attempt to exhaust","// the event queue before yielding to the browser's own event loop.","var requestFlush;","// The position of the next task to execute in the task queue. This is","// preserved between calls to `flush` so that it can be resumed if","// a task throws an exception.","var index = 0;","// If a task schedules additional tasks recursively, the task queue can grow","// unbounded. To prevent memory exhaustion, the task queue will periodically","// truncate already-completed tasks.","var capacity = 1024;","","// The flush function processes all tasks that have been scheduled with","// `rawAsap` unless and until one of those tasks throws an exception.","// If a task throws an exception, `flush` ensures that its state will remain","// consistent and will resume where it left off when called again.","// However, `flush` does not make any arrangements to be called again if an","// exception is thrown.","function flush() {","    while (index < queue.length) {","        var currentIndex = index;","        // Advance the index before calling the task. This ensures that we will","        // begin flushing on the next task the task throws an error.","        index = index + 1;","        queue[currentIndex].call();","        // Prevent leaking memory for long chains of recursive calls to `asap`.","        // If we call `asap` within tasks scheduled by `asap`, the queue will","        // grow, but to avoid an O(n) walk for every task we execute, we don't","        // shift tasks off the queue after they have been executed.","        // Instead, we periodically shift 1024 tasks off the queue.","        if (index > capacity) {","            // Manually shift all values starting at the index back to the","            // beginning of the queue.","            for (var scan = 0, newLength = queue.length - index; scan < newLength; scan++) {","                queue[scan] = queue[scan + index];","            }","            queue.length -= index;","            index = 0;","        }","    }","    queue.length = 0;","    index = 0;","    flushing = false;","}","","// `requestFlush` is implemented using a strategy based on data collected from","// every available SauceLabs Selenium web driver worker at time of writing.","// https://docs.google.com/spreadsheets/d/1mG-5UYGup5qxGdEMWkhP6BWCz053NUb2E1QoUTU16uA/edit#gid=783724593","","// Safari 6 and 6.1 for desktop, iPad, and iPhone are the only browsers that","// have WebKitMutationObserver but not un-prefixed MutationObserver.","// Must use `global` or `self` instead of `window` to work in both frames and web","// workers. `global` is a provision of Browserify, Mr, Mrs, or Mop.","","/* globals self */","var scope = typeof global !== \"undefined\" ? global : self;","var BrowserMutationObserver = scope.MutationObserver || scope.WebKitMutationObserver;","","// MutationObservers are desirable because they have high priority and work","// reliably everywhere they are implemented.","// They are implemented in all modern browsers.","//","// - Android 4-4.3","// - Chrome 26-34","// - Firefox 14-29","// - Internet Explorer 11","// - iPad Safari 6-7.1","// - iPhone Safari 7-7.1","// - Safari 6-7","if (typeof BrowserMutationObserver === \"function\") {","    requestFlush = makeRequestCallFromMutationObserver(flush);","","// MessageChannels are desirable because they give direct access to the HTML","// task queue, are implemented in Internet Explorer 10, Safari 5.0-1, and Opera","// 11-12, and in web workers in many engines.","// Although message channels yield to any queued rendering and IO tasks, they","// would be better than imposing the 4ms delay of timers.","// However, they do not work reliably in Internet Explorer or Safari.","","// Internet Explorer 10 is the only browser that has setImmediate but does","// not have MutationObservers.","// Although setImmediate yields to the browser's renderer, it would be","// preferrable to falling back to setTimeout since it does not have","// the minimum 4ms penalty.","// Unfortunately there appears to be a bug in Internet Explorer 10 Mobile (and","// Desktop to a lesser extent) that renders both setImmediate and","// MessageChannel useless for the purposes of ASAP.","// https://github.com/kriskowal/q/issues/396","","// Timers are implemented universally.","// We fall back to timers in workers in most engines, and in foreground","// contexts in the following browsers.","// However, note that even this simple case requires nuances to operate in a","// broad spectrum of browsers.","//","// - Firefox 3-13","// - Internet Explorer 6-9","// - iPad Safari 4.3","// - Lynx 2.8.7","} else {","    requestFlush = makeRequestCallFromTimer(flush);","}","","// `requestFlush` requests that the high priority event queue be flushed as","// soon as possible.","// This is useful to prevent an error thrown in a task from stalling the event","// queue if the exception handled by Node.js’s","// `process.on(\"uncaughtException\")` or by a domain.","rawAsap.requestFlush = requestFlush;","","// To request a high priority event, we induce a mutation observer by toggling","// the text of a text node between \"1\" and \"-1\".","function makeRequestCallFromMutationObserver(callback) {","    var toggle = 1;","    var observer = new BrowserMutationObserver(callback);","    var node = document.createTextNode(\"\");","    observer.observe(node, {characterData: true});","    return function requestCall() {","        toggle = -toggle;","        node.data = toggle;","    };","}","","// The message channel technique was discovered by Malte Ubl and was the","// original foundation for this library.","// http://www.nonblocking.io/2011/06/windownexttick.html","","// Safari 6.0.5 (at least) intermittently fails to create message ports on a","// page's first load. Thankfully, this version of Safari supports","// MutationObservers, so we don't need to fall back in that case.","","// function makeRequestCallFromMessageChannel(callback) {","//     var channel = new MessageChannel();","//     channel.port1.onmessage = callback;","//     return function requestCall() {","//         channel.port2.postMessage(0);","//     };","// }","","// For reasons explained above, we are also unable to use `setImmediate`","// under any circumstances.","// Even if we were, there is another bug in Internet Explorer 10.","// It is not sufficient to assign `setImmediate` to `requestFlush` because","// `setImmediate` must be called *by name* and therefore must be wrapped in a","// closure.","// Never forget.","","// function makeRequestCallFromSetImmediate(callback) {","//     return function requestCall() {","//         setImmediate(callback);","//     };","// }","","// Safari 6.0 has a problem where timers will get lost while the user is","// scrolling. This problem does not impact ASAP because Safari 6.0 supports","// mutation observers, so that implementation is used instead.","// However, if we ever elect to use timers in Safari, the prevalent work-around","// is to add a scroll event listener that calls for a flush.","","// `setTimeout` does not call the passed callback if the delay is less than","// approximately 7 in web workers in Firefox 8 through 18, and sometimes not","// even then.","","function makeRequestCallFromTimer(callback) {","    return function requestCall() {","        // We dispatch a timeout with a specified delay of 0 for engines that","        // can reliably accommodate that request. This will usually be snapped","        // to a 4 milisecond delay, but once we're flushing, there's no delay","        // between events.","        var timeoutHandle = setTimeout(handleTimer, 0);","        // However, since this timer gets frequently dropped in Firefox","        // workers, we enlist an interval handle that will try to fire","        // an event 20 times per second until it succeeds.","        var intervalHandle = setInterval(handleTimer, 50);","","        function handleTimer() {","            // Whichever timer succeeds will cancel both timers and","            // execute the callback.","            clearTimeout(timeoutHandle);","            clearInterval(intervalHandle);","            callback();","        }","    };","}","","// This is for `asap.js` only.","// Its name will be periodically randomized to break any code that depends on","// its existence.","rawAsap.makeRequestCallFromTimer = makeRequestCallFromTimer;","","// ASAP was originally a nextTick shim included in Q. This was factored out","// into this ASAP package. It was later adapted to RSVP which made further","// amendments. These decisions, particularly to marginalize MessageChannel and","// to capture the MutationObserver implementation in a closure, were integrated","// back into ASAP proper.","// https://github.com/tildeio/rsvp.js/blob/cddf7232546a9cf858524b75cde6f9edf72620a7/lib/rsvp/asap.js",""],"l":{"13":1,"14":1,"15":0,"16":0,"17":0,"20":0,"23":1,"26":1,"30":1,"34":1,"38":1,"46":1,"47":0,"48":0,"51":0,"52":0,"58":0,"61":0,"62":0,"64":0,"65":0,"68":0,"69":0,"70":0,"83":1,"84":1,"97":1,"98":0,"128":1,"136":1,"140":1,"141":0,"142":0,"143":0,"144":0,"145":0,"146":0,"147":0,"191":1,"192":1,"197":0,"201":0,"203":1,"206":0,"207":0,"208":0,"216":1}}}